<?xml version="1.0" encoding="UTF-8"?>
<!-- Generated by org.testng.reporters.JUnitReportReporter -->
<testsuite skipped="1" hostname="VENKAT" name="com.PHPTravels.script.Accounts.Suppliers.DeleteSupplierUser" tests="1" failures="0" timestamp="05 Oct 2017 04:42:39 GMT" time="0.000" errors="0">
  <testcase name="testDeleteSupplierUser" time="0.000" classname="com.PHPTravels.script.Accounts.Suppliers.DeleteSupplierUser">
    <skipped/>
  </testcase> <!-- testDeleteSupplierUser -->
</testsuite> <!-- com.PHPTravels.script.Accounts.Suppliers.DeleteSupplierUser -->
