<?xml version="1.0" encoding="UTF-8"?>
<!-- Generated by org.testng.reporters.JUnitReportReporter -->
<testsuite skipped="1" hostname="VENKAT" name="com.PHPTravels.script.Accounts.GuestCustomers.UpdateGuestCustomerUser" tests="1" failures="0" timestamp="05 Oct 2017 04:42:39 GMT" time="0.000" errors="0">
  <testcase name="testUpdateGuestCustomerUser" time="0.000" classname="com.PHPTravels.script.Accounts.GuestCustomers.UpdateGuestCustomerUser">
    <skipped/>
  </testcase> <!-- testUpdateGuestCustomerUser -->
</testsuite> <!-- com.PHPTravels.script.Accounts.GuestCustomers.UpdateGuestCustomerUser -->
