<?xml version="1.0" encoding="UTF-8"?>
<!-- Generated by org.testng.reporters.JUnitReportReporter -->
<testsuite skipped="0" hostname="VENKAT" name="com.PHPTravels.script.Login.InvalidLogin" tests="1" failures="0" timestamp="05 Oct 2017 05:07:57 GMT" time="36.893" errors="0">
  <testcase name="testInvalidLogin" time="36.893" classname="com.PHPTravels.script.Login.InvalidLogin"/>
</testsuite> <!-- com.PHPTravels.script.Login.InvalidLogin -->
