<?xml version="1.0" encoding="UTF-8"?>
<!-- Generated by org.testng.reporters.JUnitReportReporter -->
<testsuite skipped="0" hostname="VENKAT" name="com.PHPTravels.script.Login.ValidLogin" tests="1" failures="0" timestamp="05 Oct 2017 05:07:57 GMT" time="29.522" errors="0">
  <testcase name="testValidLogin" time="29.522" classname="com.PHPTravels.script.Login.ValidLogin"/>
</testsuite> <!-- com.PHPTravels.script.Login.ValidLogin -->
