<?xml version="1.0" encoding="UTF-8"?>
<!-- Generated by org.testng.reporters.JUnitReportReporter -->
<testsuite hostname="VENKAT" name="com.PHPTravels.script.Accounts.Customers.CreateCustomerUser" tests="1" failures="0" timestamp="21 Oct 2017 09:57:38 GMT" time="300.584" errors="1">
  <testcase name="testCreateCustomerUser" time="300.584" classname="com.PHPTravels.script.Accounts.Customers.CreateCustomerUser">
    <error type="java.lang.NoClassDefFoundError" message="org/apache/poi/ss/usermodel/WorkbookFactory">
      <![CDATA[java.lang.NoClassDefFoundError: org/apache/poi/ss/usermodel/WorkbookFactory
	at com.PHPTravels.generic.Lib.getCellValue(Lib.java:24)
	at com.PHPTravels.script.Accounts.Customers.CreateCustomerUser.testCreateCustomerUser(CreateCustomerUser.java:16)
	at sun.reflect.NativeMethodAccessorImpl.invoke0(Native Method)
	at sun.reflect.NativeMethodAccessorImpl.invoke(Unknown Source)
	at sun.reflect.DelegatingMethodAccessorImpl.invoke(Unknown Source)
	at java.lang.reflect.Method.invoke(Unknown Source)
	at org.testng.internal.MethodInvocationHelper.invokeMethod(MethodInvocationHelper.java:85)
	at org.testng.internal.Invoker.invokeMethod(Invoker.java:639)
	at org.testng.internal.Invoker.invokeTestMethod(Invoker.java:816)
	at org.testng.internal.Invoker.invokeTestMethods(Invoker.java:1124)
	at org.testng.internal.TestMethodWorker.invokeTestMethods(TestMethodWorker.java:125)
	at org.testng.internal.TestMethodWorker.run(TestMethodWorker.java:108)
	at org.testng.TestRunner.privateRun(TestRunner.java:774)
	at org.testng.TestRunner.run(TestRunner.java:624)
	at org.testng.SuiteRunner.runTest(SuiteRunner.java:359)
	at org.testng.SuiteRunner.access$000(SuiteRunner.java:39)
	at org.testng.SuiteRunner$SuiteWorker.run(SuiteRunner.java:393)
	at org.testng.internal.thread.ThreadUtil$2.call(ThreadUtil.java:64)
	at java.util.concurrent.FutureTask.run(Unknown Source)
	at java.util.concurrent.ThreadPoolExecutor.runWorker(Unknown Source)
	at java.util.concurrent.ThreadPoolExecutor$Worker.run(Unknown Source)
	at java.lang.Thread.run(Unknown Source)
Caused by: java.lang.ClassNotFoundException: org.apache.poi.ss.usermodel.WorkbookFactory
	at java.net.URLClassLoader.findClass(Unknown Source)
	at java.lang.ClassLoader.loadClass(Unknown Source)
	at sun.misc.Launcher$AppClassLoader.loadClass(Unknown Source)
	at java.lang.ClassLoader.loadClass(Unknown Source)
	... 22 more
]]>
    </error>
  </testcase> <!-- testCreateCustomerUser -->
</testsuite> <!-- com.PHPTravels.script.Accounts.Customers.CreateCustomerUser -->
