<?xml version="1.0" encoding="UTF-8"?>
<!-- Generated by org.testng.reporters.JUnitReportReporter -->
<testsuite name="com.PHPTravels.script.Accounts.Suppliers.DeleteSupplierUser" tests="2" time="0.000" ignored="0" failures="0" timestamp="05 Oct 2017 11:48:30 GMT" skipped="2" hostname="VENKAT" errors="0">
  <testcase name="testDeleteSupplierUser" time="0.000" classname="com.PHPTravels.script.Accounts.Suppliers.DeleteSupplierUser">
    <skipped/>
  </testcase> <!-- testDeleteSupplierUser -->
  <testcase name="testDeleteSupplierUser" time="0.000" classname="com.PHPTravels.script.Accounts.Suppliers.DeleteSupplierUser">
    <skipped/>
  </testcase> <!-- testDeleteSupplierUser -->
</testsuite> <!-- com.PHPTravels.script.Accounts.Suppliers.DeleteSupplierUser -->
