<?xml version="1.0" encoding="UTF-8"?>
<!-- Generated by org.testng.reporters.JUnitReportReporter -->
<testsuite name="com.PHPTravels.script.Accounts.Suppliers.UpdateSupplierUser" tests="2" time="0.035" ignored="0" failures="0" timestamp="05 Oct 2017 11:48:30 GMT" skipped="2" hostname="VENKAT" errors="0">
  <testcase name="testUpdateSupplierUser" time="0.001" classname="com.PHPTravels.script.Accounts.Suppliers.UpdateSupplierUser">
    <skipped/>
  </testcase> <!-- testUpdateSupplierUser -->
  <testcase name="testUpdateSupplierUser" time="0.034" classname="com.PHPTravels.script.Accounts.Suppliers.UpdateSupplierUser">
    <skipped/>
  </testcase> <!-- testUpdateSupplierUser -->
</testsuite> <!-- com.PHPTravels.script.Accounts.Suppliers.UpdateSupplierUser -->
