<?xml version="1.0" encoding="UTF-8"?>
<!-- Generated by org.testng.reporters.JUnitReportReporter -->
<testsuite name="com.PHPTravels.script.Login.ValidLogin" tests="2" time="70.748" ignored="0" failures="0" timestamp="17 Oct 2017 10:06:22 GMT" skipped="0" hostname="VENKAT" errors="0">
  <testcase name="testValidLogin" time="38.856" classname="com.PHPTravels.script.Login.ValidLogin"/>
  <testcase name="testValidLogin" time="31.892" classname="com.PHPTravels.script.Login.ValidLogin"/>
</testsuite> <!-- com.PHPTravels.script.Login.ValidLogin -->
