<?xml version="1.0" encoding="UTF-8"?>
<!-- Generated by org.testng.reporters.JUnitReportReporter -->
<testsuite name="com.PHPTravels.script.Login.InvalidLogin" tests="1" time="33.500" ignored="0" failures="0" timestamp="17 Oct 2017 10:06:22 GMT" skipped="0" hostname="VENKAT" errors="0">
  <testcase name="testInvalidLogin" time="33.500" classname="com.PHPTravels.script.Login.InvalidLogin"/>
</testsuite> <!-- com.PHPTravels.script.Login.InvalidLogin -->
