<?xml version="1.0" encoding="UTF-8"?>
<!-- Generated by org.testng.reporters.JUnitReportReporter -->
<testsuite name="com.PHPTravels.script.Accounts.Admins.CreateAdminUser" tests="2" time="0.002" ignored="0" failures="0" timestamp="05 Oct 2017 11:48:30 GMT" skipped="2" hostname="VENKAT" errors="0">
  <testcase name="testCreateAdminUser" time="0.001" classname="com.PHPTravels.script.Accounts.Admins.CreateAdminUser">
    <skipped/>
  </testcase> <!-- testCreateAdminUser -->
  <testcase name="testCreateAdminUser" time="0.001" classname="com.PHPTravels.script.Accounts.Admins.CreateAdminUser">
    <skipped/>
  </testcase> <!-- testCreateAdminUser -->
</testsuite> <!-- com.PHPTravels.script.Accounts.Admins.CreateAdminUser -->
