<?xml version="1.0" encoding="UTF-8"?>
<!-- Generated by org.testng.reporters.JUnitReportReporter -->
<testsuite name="com.PHPTravels.script.Accounts.Customers.DeleteCustomerUser" tests="1" time="27.939" ignored="0" failures="0" timestamp="20 Oct 2017 11:14:42 GMT" skipped="0" hostname="VENKAT" errors="0">
  <testcase name="testDeleteCustomerUser" time="27.939" classname="com.PHPTravels.script.Accounts.Customers.DeleteCustomerUser"/>
</testsuite> <!-- com.PHPTravels.script.Accounts.Customers.DeleteCustomerUser -->
